[    0.000000] Initializing cgroup subsys cpuset
[    0.000000] Initializing cgroup subsys cpu
[    0.000000] Initializing cgroup subsys cpuacct
[    0.000000] Linux version 4.4.0-170-generic (buildd@lcy01-amd64-019) (gcc version 5.4.0 20160609 (Ubuntu 5.4.0-6ubuntu1~16.04.12) ) #199-Ubuntu SMP Thu Nov 14 01:45:04 UTC 2019 (Ubuntu 4.4.0-170.199-generic 4.4.200)
[    0.000000] Command line: BOOT_IMAGE=/boot/vmlinuz-4.4.0-170-generic root=LABEL=cloudimg-rootfs ro console=tty1 console=ttyS0
[    0.000000] KERNEL supported cpus:
[    0.000000]   Intel GenuineIntel
[    0.000000]   AMD AuthenticAMD
[    0.000000]   Centaur CentaurHauls
[    0.000000] x86/fpu: xstate_offset[2]:  576, xstate_sizes[2]:  256
[    0.000000] x86/fpu: Supporting XSAVE feature 0x01: 'x87 floating point registers'
[    0.000000] x86/fpu: Supporting XSAVE feature 0x02: 'SSE registers'
[    0.000000] x86/fpu: Supporting XSAVE feature 0x04: 'AVX registers'
[    0.000000] x86/fpu: Enabled xstate features 0x7, context size is 832 bytes, using 'standard' format.
[    0.000000] e820: BIOS-provided physical RAM map:
[    0.000000] BIOS-e820: [mem 0x0000000000000000-0x000000000009fbff] usable
[    0.000000] BIOS-e820: [mem 0x000000000009fc00-0x000000000009ffff] reserved
[    0.000000] BIOS-e820: [mem 0x00000000000f0000-0x00000000000fffff] reserved
[    0.000000] BIOS-e820: [mem 0x0000000000100000-0x000000001ffeffff] usable
[    0.000000] BIOS-e820: [mem 0x000000001fff0000-0x000000001fffffff] ACPI data
[    0.000000] BIOS-e820: [mem 0x00000000fec00000-0x00000000fec00fff] reserved
[    0.000000] BIOS-e820: [mem 0x00000000fee00000-0x00000000fee00fff] reserved
[    0.000000] BIOS-e820: [mem 0x00000000fffc0000-0x00000000ffffffff] reserved
[    0.000000] NX (Execute Disable) protection: active
[    0.000000] SMBIOS 2.5 present.
[    0.000000] Hypervisor detected: KVM
[    0.000000] e820: last_pfn = 0x1fff0 max_arch_pfn = 0x400000000
[    0.000000] MTRR: Disabled
[    0.000000] x86/PAT: MTRRs disabled, skipping PAT initialization too.
[    0.000000] CPU MTRRs all blank - virtualized system.
[    0.000000] x86/PAT: Configuration [0-7]: WB  WT  UC- UC  WB  WT  UC- UC  
[    0.000000] found SMP MP-table at [mem 0x0009fff0-0x0009ffff] mapped at [ffff88000009fff0]
[    0.000000] Scanning 1 areas for low memory corruption
[    0.000000] RAMDISK: [mem 0x1e8a4000-0x1f71ffff]
[    0.000000] ACPI: Early table checksum verification disabled
[    0.000000] ACPI: RSDP 0x00000000000E0000 000024 (v02 VBOX  )
[    0.000000] ACPI: XSDT 0x000000001FFF0030 00003C (v01 VBOX   VBOXXSDT 00000001 ASL  00000061)
[    0.000000] ACPI: FACP 0x000000001FFF00F0 0000F4 (v04 VBOX   VBOXFACP 00000001 ASL  00000061)
[    0.000000] ACPI: DSDT 0x000000001FFF0470 0022EA (v02 VBOX   VBOXBIOS 00000002 INTL 20100528)
[    0.000000] ACPI: FACS 0x000000001FFF0200 000040
[    0.000000] ACPI: FACS 0x000000001FFF0200 000040
[    0.000000] ACPI: APIC 0x000000001FFF0240 00005C (v02 VBOX   VBOXAPIC 00000001 ASL  00000061)
[    0.000000] ACPI: SSDT 0x000000001FFF02A0 0001CC (v01 VBOX   VBOXCPUT 00000002 INTL 20100528)
[    0.000000] No NUMA configuration found
[    0.000000] Faking a node at [mem 0x0000000000000000-0x000000001ffeffff]
[    0.000000] NODE_DATA(0) allocated [mem 0x1ffeb000-0x1ffeffff]
[    0.000000] kvm-clock: Using msrs 4b564d01 and 4b564d00
[    0.000000] kvm-clock: cpu 0, msr 0:1ffe3001, primary cpu clock
[    0.000000] kvm-clock: using sched offset of 6392160058 cycles
[    0.000000] clocksource: kvm-clock: mask: 0xffffffffffffffff max_cycles: 0x1cd42e4dffb, max_idle_ns: 881590591483 ns
[    0.000000] Zone ranges:
[    0.000000]   DMA      [mem 0x0000000000001000-0x0000000000ffffff]
[    0.000000]   DMA32    [mem 0x0000000001000000-0x000000001ffeffff]
[    0.000000]   Normal   empty
[    0.000000]   Device   empty
[    0.000000] Movable zone start for each node
[    0.000000] Early memory node ranges
[    0.000000]   node   0: [mem 0x0000000000001000-0x000000000009efff]
[    0.000000]   node   0: [mem 0x0000000000100000-0x000000001ffeffff]
[    0.000000] Initmem setup node 0 [mem 0x0000000000001000-0x000000001ffeffff]
[    0.000000] ACPI: PM-Timer IO Port: 0x4008
[    0.000000] IOAPIC[0]: apic_id 2, version 32, address 0xfec00000, GSI 0-23
[    0.000000] ACPI: INT_SRC_OVR (bus 0 bus_irq 0 global_irq 2 dfl dfl)
[    0.000000] ACPI: INT_SRC_OVR (bus 0 bus_irq 9 global_irq 9 low level)
[    0.000000] Using ACPI (MADT) for SMP configuration information
[    0.000000] smpboot: Allowing 2 CPUs, 0 hotplug CPUs
[    0.000000] PM: Registered nosave memory: [mem 0x00000000-0x00000fff]
[    0.000000] PM: Registered nosave memory: [mem 0x0009f000-0x0009ffff]
[    0.000000] PM: Registered nosave memory: [mem 0x000a0000-0x000effff]
[    0.000000] PM: Registered nosave memory: [mem 0x000f0000-0x000fffff]
[    0.000000] e820: [mem 0x20000000-0xfebfffff] available for PCI devices
[    0.000000] Booting paravirtualized kernel on KVM
[    0.000000] clocksource: refined-jiffies: mask: 0xffffffff max_cycles: 0xffffffff, max_idle_ns: 7645519600211568 ns
[    0.000000] setup_percpu: NR_CPUS:512 nr_cpumask_bits:512 nr_cpu_ids:2 nr_node_ids:1
[    0.000000] PERCPU: Embedded 33 pages/cpu @ffff88001fc00000 s95448 r8192 d31528 u1048576
[    0.000000] Built 1 zonelists in Node order, mobility grouping on.  Total pages: 128888
[    0.000000] Policy zone: DMA32
[    0.000000] Kernel command line: BOOT_IMAGE=/boot/vmlinuz-4.4.0-170-generic root=LABEL=cloudimg-rootfs ro console=tty1 console=ttyS0
[    0.000000] PID hash table entries: 2048 (order: 2, 16384 bytes)
[    0.000000] Memory: 481644K/523832K available (8626K kernel code, 1336K rwdata, 4036K rodata, 1488K init, 1288K bss, 42188K reserved, 0K cma-reserved)
[    0.000000] SLUB: HWalign=64, Order=0-3, MinObjects=0, CPUs=2, Nodes=1
[    0.000000] Kernel/User page tables isolation: enabled
[    0.000000] Hierarchical RCU implementation.
[    0.000000] 	Build-time adjustment of leaf fanout to 64.
[    0.000000] 	RCU restricting CPUs from NR_CPUS=512 to nr_cpu_ids=2.
[    0.000000] RCU: Adjusting geometry for rcu_fanout_leaf=64, nr_cpu_ids=2
[    0.000000] NR_IRQS:33024 nr_irqs:440 16
[    0.000000] Console: colour VGA+ 80x25
[    0.000000] console [tty1] enabled
[    0.000000] console [ttyS0] enabled
[    0.000000] tsc: Detected 2294.770 MHz processor
[    1.026241] Calibrating delay loop (skipped) preset value.. 4589.54 BogoMIPS (lpj=9179080)
[    1.045528] pid_max: default: 32768 minimum: 301
[    1.054321] ACPI: Core revision 20150930
[    1.064644] ACPI: 2 ACPI AML tables successfully acquired and loaded
[    1.071451] Security Framework initialized
[    1.079908] Yama: becoming mindful.
[    1.083482] AppArmor: AppArmor initialized
[    1.091089] Dentry cache hash table entries: 65536 (order: 7, 524288 bytes)
[    1.101398] Inode-cache hash table entries: 32768 (order: 6, 262144 bytes)
[    1.112873] Mount-cache hash table entries: 1024 (order: 1, 8192 bytes)
[    1.119791] Mountpoint-cache hash table entries: 1024 (order: 1, 8192 bytes)
[    1.128751] Initializing cgroup subsys io
[    1.134812] Initializing cgroup subsys memory
[    1.141340] Initializing cgroup subsys devices
[    1.145885] Initializing cgroup subsys freezer
[    1.151039] Initializing cgroup subsys net_cls
[    1.157079] Initializing cgroup subsys perf_event
[    1.162864] Initializing cgroup subsys net_prio
[    1.167514] Initializing cgroup subsys hugetlb
[    1.171619] Initializing cgroup subsys pids
[    1.178608] mce: CPU supports 0 MCE banks
[    1.182979] Last level iTLB entries: 4KB 512, 2MB 8, 4MB 8
[    1.189399] Last level dTLB entries: 4KB 512, 2MB 32, 4MB 32, 1GB 0
[    1.195970] Spectre V1 : Mitigation: usercopy/swapgs barriers and __user pointer sanitization
[    1.254892] Spectre V2 : Mitigation: Full generic retpoline
[    1.271613] Spectre V2 : Spectre v2 / SpectreRSB mitigation: Filling RSB on context switch
[    1.296605] Speculative Store Bypass: Vulnerable
[    1.306593] MDS: Mitigation: Clear CPU buffers
[    1.321095] Freeing SMP alternatives memory: 36K
[    1.354715] ftrace: allocating 32302 entries in 127 pages
[    1.534739] smpboot: APIC(0) Converting physical 0 to logical package 0
[    1.540019] smpboot: Max logical packages: 1
[    1.546028] x2apic enabled
[    1.548570] Switched APIC routing to physical x2apic.
[    1.558970] ..TIMER: vector=0x30 apic1=0 pin1=2 apic2=-1 pin2=-1
[    1.676754] smpboot: CPU0: Intel(R) Core(TM) i5-2415M CPU @ 2.30GHz (family: 0x6, model: 0x2a, stepping: 0x7)
[    1.684305] Performance Events: unsupported p6 CPU model 42 no PMU driver, software events only.
[    1.716354] KVM setup paravirtual spinlock
[    1.720663] x86: Booting SMP configuration:
[    1.723485] .... node  #0, CPUs:      #1
[    1.726441] kvm-clock: cpu 1, msr 0:1ffe3041, secondary cpu clock
[    1.729665] mce: CPU supports 0 MCE banks
[    1.733568] x86: Booted up 1 node, 2 CPUs
[    1.736855] smpboot: Total of 2 processors activated (9179.08 BogoMIPS)
[    1.746470] devtmpfs: initialized
[    1.751798] evm: security.selinux
[    1.754397] evm: security.SMACK64
[    1.757426] evm: security.SMACK64EXEC
[    1.760310] evm: security.SMACK64TRANSMUTE
[    1.763409] evm: security.SMACK64MMAP
[    1.766752] evm: security.ima
[    1.769453] evm: security.capability
[    1.774448] clocksource: jiffies: mask: 0xffffffff max_cycles: 0xffffffff, max_idle_ns: 7645041785100000 ns
[    1.784173] futex hash table entries: 512 (order: 3, 32768 bytes)
[    1.788598] pinctrl core: initialized pinctrl subsystem
[    1.797285] RTC time: 15:06:01, date: 01/02/20
[    1.800999] NET: Registered protocol family 16
[    1.815967] cpuidle: using governor ladder
[    1.828183] cpuidle: using governor menu
[    1.830930] PCCT header not found.
[    1.833553] ACPI: bus type PCI registered
[    1.836572] acpiphp: ACPI Hot Plug PCI Controller Driver version: 0.5
[    1.842238] PCI: Using configuration type 1 for base access
[    1.862637] ACPI: Added _OSI(Module Device)
[    1.865476] ACPI: Added _OSI(Processor Device)
[    1.869204] ACPI: Added _OSI(3.0 _SCP Extensions)
[    1.873093] ACPI: Added _OSI(Processor Aggregator Device)
[    1.879687] ACPI: Executed 1 blocks of module-level executable AML code
[    1.890226] ACPI: Interpreter enabled
[    1.892893] ACPI: (supports S0 S5)
[    1.895373] ACPI: Using IOAPIC for interrupt routing
[    1.900943] PCI: Using host bridge windows from ACPI; if necessary, use "pci=nocrs" and report a bug
[    1.918275] ACPI: PCI Root Bridge [PCI0] (domain 0000 [bus 00-ff])
[    1.924002] acpi PNP0A03:00: _OSC: OS supports [ASPM ClockPM Segments MSI]
[    1.929983] acpi PNP0A03:00: _OSC: not requesting OS control; OS requires [ExtendedConfig ASPM ClockPM MSI]
[    1.937563] acpi PNP0A03:00: fail to add MMCONFIG information, can't access extended PCI configuration space under this bridge.
[    1.949007] PCI host bridge to bus 0000:00
[    1.957326] pci_bus 0000:00: root bus resource [io  0x0000-0x0cf7 window]
[    1.964625] pci_bus 0000:00: root bus resource [io  0x0d00-0xffff window]
[    1.973117] pci_bus 0000:00: root bus resource [mem 0x000a0000-0x000bffff window]
[    1.982859] pci_bus 0000:00: root bus resource [mem 0x20000000-0xfdffffff window]
[    1.992230] pci_bus 0000:00: root bus resource [bus 00-ff]
[    2.006103] pci 0000:00:01.1: legacy IDE quirk: reg 0x10: [io  0x01f0-0x01f7]
[    2.014897] pci 0000:00:01.1: legacy IDE quirk: reg 0x14: [io  0x03f6]
[    2.021337] pci 0000:00:01.1: legacy IDE quirk: reg 0x18: [io  0x0170-0x0177]
[    2.031712] pci 0000:00:01.1: legacy IDE quirk: reg 0x1c: [io  0x0376]
[    2.121231] pci 0000:00:07.0: quirk: [io  0x4000-0x403f] claimed by PIIX4 ACPI
[    2.134565] pci 0000:00:07.0: quirk: [io  0x4100-0x410f] claimed by PIIX4 SMB
[    2.181746] ACPI: PCI Interrupt Link [LNKA] (IRQs 5 9 10 *11)
[    2.188597] ACPI: PCI Interrupt Link [LNKB] (IRQs 5 9 *10 11)
[    2.194430] ACPI: PCI Interrupt Link [LNKC] (IRQs 5 *9 10 11)
[    2.202390] ACPI: PCI Interrupt Link [LNKD] (IRQs 5 9 10 *11)
[    2.211072] ACPI: Enabled 2 GPEs in block 00 to 07
[    2.218832] vgaarb: setting as boot device: PCI:0000:00:02.0
[    2.224489] vgaarb: device added: PCI:0000:00:02.0,decodes=io+mem,owns=io+mem,locks=none
[    2.234574] vgaarb: loaded
[    2.239209] vgaarb: bridge control possible 0000:00:02.0
[    2.247399] SCSI subsystem initialized
[    2.254374] ACPI: bus type USB registered
[    2.261981] usbcore: registered new interface driver usbfs
[    2.268425] usbcore: registered new interface driver hub
[    2.274258] usbcore: registered new device driver usb
[    2.283700] PCI: Using ACPI for IRQ routing
[    2.289421] NetLabel: Initializing
[    2.293737] NetLabel:  domain hash size = 128
[    2.302231] NetLabel:  protocols = UNLABELED CIPSOv4
[    2.312180] NetLabel:  unlabeled traffic allowed by default
[    2.417429] amd_nb: Cannot enumerate AMD northbridges
[    2.455189] clocksource: Switched to clocksource kvm-clock
[    2.480348] AppArmor: AppArmor Filesystem Enabled
[    2.483789] pnp: PnP ACPI init
[    2.488800] pnp: PnP ACPI: found 3 devices
[    2.513851] clocksource: acpi_pm: mask: 0xffffff max_cycles: 0xffffff, max_idle_ns: 2085701024 ns
[    2.522824] NET: Registered protocol family 2
[    2.526630] TCP established hash table entries: 4096 (order: 3, 32768 bytes)
[    2.535625] TCP bind hash table entries: 4096 (order: 4, 65536 bytes)
[    2.541976] TCP: Hash tables configured (established 4096 bind 4096)
[    2.548701] UDP hash table entries: 256 (order: 1, 8192 bytes)
[    2.554930] UDP-Lite hash table entries: 256 (order: 1, 8192 bytes)
[    2.563886] NET: Registered protocol family 1
[    2.569268] pci 0000:00:00.0: Limiting direct PCI/PCI transfers
[    2.575499] pci 0000:00:01.0: Activating ISA DMA hang workarounds
[    2.586825] Unpacking initramfs...
[    3.189459] Freeing initrd memory: 14832K
[    3.192820] RAPL PMU detected, API unit is 2^-32 Joules, 3 fixed counters 10737418240 ms ovfl timer
[    3.204270] hw unit of domain pp0-core 2^-0 Joules
[    3.217625] hw unit of domain package 2^-0 Joules
[    3.220962] hw unit of domain pp1-gpu 2^-0 Joules
[    3.224203] clocksource: tsc: mask: 0xffffffffffffffff max_cycles: 0x2113e8aa64d, max_idle_ns: 440795233861 ns
[    3.231348] platform rtc_cmos: registered platform RTC device (no PNP device found)
[    3.253352] Scanning for low memory corruption every 60 seconds
[    3.261511] audit: initializing netlink subsys (disabled)
[    3.271653] audit: type=2000 audit(1577977569.336:1): initialized
[    3.296428] Initialise system trusted keyring
[    3.326253] HugeTLB registered 2 MB page size, pre-allocated 0 pages
[    3.340126] zbud: loaded
[    3.343890] VFS: Disk quotas dquot_6.6.0
[    3.348594] VFS: Dquot-cache hash table entries: 512 (order 0, 4096 bytes)
[    3.355106] squashfs: version 4.0 (2009/01/31) Phillip Lougher
[    3.362077] fuse init (API version 7.23)
[    3.366177] Key type big_key registered
[    3.369866] Allocating IMA MOK and blacklist keyrings.
[    3.377366] Key type asymmetric registered
[    3.380905] Asymmetric key parser 'x509' registered
[    3.384891] Block layer SCSI generic (bsg) driver version 0.4 loaded (major 249)
[    3.390923] io scheduler noop registered
[    3.396189] io scheduler deadline registered (default)
[    3.400038] io scheduler cfq registered
[    3.403328] pci_hotplug: PCI Hot Plug PCI Core version: 0.5
[    3.409160] pciehp: PCI Express Hot Plug Controller Driver version: 0.4
[    3.415721] ACPI: AC Adapter [AC] (on-line)
[    3.418908] input: Power Button as /devices/LNXSYSTM:00/LNXPWRBN:00/input/input0
[    3.425573] ACPI: Power Button [PWRF]
[    3.429807] input: Sleep Button as /devices/LNXSYSTM:00/LNXSLPBN:00/input/input1
[    3.435525] ACPI: Sleep Button [SLPF]
[    3.440791] GHES: HEST is not enabled!
[    3.444295] Serial: 8250/16550 driver, 32 ports, IRQ sharing enabled
[    3.472796] 00:02: ttyS0 at I/O 0x3f8 (irq = 4, base_baud = 115200) is a 16550A
[    3.488839] Linux agpgart interface v0.103
[    3.498330] loop: module loaded
[    3.504548] scsi host0: ata_piix
[    3.508755] scsi host1: ata_piix
[    3.513473] ata1: PATA max UDMA/33 cmd 0x1f0 ctl 0x3f6 bmdma 0xd000 irq 14
[    3.522232] ata2: PATA max UDMA/33 cmd 0x170 ctl 0x376 bmdma 0xd008 irq 15
[    3.530251] libphy: Fixed MDIO Bus: probed
[    3.534984] tun: Universal TUN/TAP device driver, 1.6
[    3.540333] tun: (C) 1999-2004 Max Krasnyansky <maxk@qualcomm.com>
[    3.548832] PPP generic driver version 2.4.2
[    3.554458] ehci_hcd: USB 2.0 'Enhanced' Host Controller (EHCI) Driver
[    3.562261] ehci-pci: EHCI PCI platform driver
[    3.567206] ehci-platform: EHCI generic platform driver
[    3.574793] ohci_hcd: USB 1.1 'Open' Host Controller (OHCI) Driver
[    3.582204] ohci-pci: OHCI PCI platform driver
[    3.589633] ohci-platform: OHCI generic platform driver
[    3.596310] uhci_hcd: USB Universal Host Controller Interface driver
[    3.602913] i8042: PNP: PS/2 Controller [PNP0303:PS2K,PNP0f03:PS2M] at 0x60,0x64 irq 1,12
[    3.614288] serio: i8042 KBD port at 0x60,0x64 irq 1
[    3.618314] serio: i8042 AUX port at 0x60,0x64 irq 12
[    3.624983] mousedev: PS/2 mouse device common for all mice
[    3.631743] rtc_cmos rtc_cmos: rtc core: registered rtc_cmos as rtc0
[    3.640338] rtc_cmos rtc_cmos: alarms up to one day, 114 bytes nvram
[    3.647202] i2c /dev entries driver
[    3.653029] device-mapper: uevent: version 1.0.3
[    3.658758] device-mapper: ioctl: 4.34.0-ioctl (2015-10-28) initialised: dm-devel@redhat.com
[    3.673253] ledtrig-cpu: registered to indicate activity on CPUs
[    3.684365] input: AT Translated Set 2 keyboard as /devices/platform/i8042/serio0/input/input2
[    3.699230] NET: Registered protocol family 10
[    3.707940] NET: Registered protocol family 17
[    3.725365] Key type dns_resolver registered
[    3.737836] registered taskstats version 1
[    3.746006] Loading compiled-in X.509 certificates
[    3.753776] Loaded X.509 cert 'Build time autogenerated kernel key: f0e56e97f406068ace47a9bf54316e9855aaaa43'
[    3.769022] zswap: loaded using pool lzo/zbud
[    3.794195] Key type trusted registered
[    3.826661] Key type encrypted registered
[    3.848669] AppArmor: AppArmor sha1 policy hashing enabled
[    3.855091] ima: No TPM chip found, activating TPM-bypass!
[    3.868663] ima: Allocated hash algorithm: sha1
[    3.874427] evm: HMAC attrs: 0x1
[    3.879581]   Magic number: 4:772:132
[    3.884960] rtc_cmos rtc_cmos: setting system clock to 2020-01-02 15:06:03 UTC (1577977563)
[    3.896823] BIOS EDD facility v0.16 2004-Jun-25, 0 devices found
[    3.904559] EDD information not available.
[    3.918621] Freeing unused kernel memory: 1488K
[    3.935398] Write protecting the kernel read-only data: 14336k
[    3.951511] Freeing unused kernel memory: 1604K
[    3.961887] Freeing unused kernel memory: 60K
Loading, please wait...
starting version 229
[    4.032716] random: udevadm: uninitialized urandom read (16 bytes read, 3 bits of entropy available)
[    4.033158] random: systemd-udevd: uninitialized urandom read (16 bytes read, 3 bits of entropy available)
[    4.033383] random: systemd-udevd: uninitialized urandom read (16 bytes read, 3 bits of entropy available)
[    4.033415] random: systemd-udevd: uninitialized urandom read (16 bytes read, 3 bits of entropy available)
[    4.033452] random: systemd-udevd: uninitialized urandom read (16 bytes read, 3 bits of entropy available)
[    4.084519] random: udevadm: uninitialized urandom read (16 bytes read, 3 bits of entropy available)
[    4.122396] random: systemd-udevd: uninitialized urandom read (16 bytes read, 3 bits of entropy available)
[    4.130915] random: udevadm: uninitialized urandom read (16 bytes read, 3 bits of entropy available)
[    4.131030] random: udevadm: uninitialized urandom read (16 bytes read, 3 bits of entropy available)
[    4.131521] random: udevadm: uninitialized urandom read (16 bytes read, 3 bits of entropy available)
[    4.304864] Fusion MPT base driver 3.04.20
[    4.323014] Copyright (c) 1999-2008 LSI Corporation
[    4.333270] e1000: Intel(R) PRO/1000 Network Driver - version 7.3.21-k8-NAPI
[    4.345589] e1000: Copyright (c) 1999-2006 Intel Corporation.
[    4.395070] Fusion MPT SPI Host driver 3.04.20
[    4.565442] AVX version of gcm_enc/dec engaged.
[    4.571126] AES CTR mode by8 optimization enabled
[    4.686249] input: ImExPS/2 Generic Explorer Mouse as /devices/platform/i8042/serio1/input/input4
[    5.615586] e1000 0000:00:03.0 eth0: (PCI:33MHz:32-bit) 02:bf:1c:77:ff:98
[    5.621743] e1000 0000:00:03.0 eth0: Intel(R) PRO/1000 Network Connection
[    6.797259] e1000 0000:00:08.0 eth1: (PCI:33MHz:32-bit) 08:00:27:99:b3:23
[    6.818826] e1000 0000:00:08.0 eth1: Intel(R) PRO/1000 Network Connection
[    6.829560] mptbase: ioc0: Initiating bringup
[    6.830422] e1000 0000:00:03.0 enp0s3: renamed from eth0
[    6.841222] e1000 0000:00:08.0 enp0s8: renamed from eth1
[    7.204347] ioc0: LSI53C1030 A0: Capabilities={Initiator}
[    8.684874] scsi host2: ioc0: LSI53C1030 A0, FwRev=00000000h, Ports=1, MaxQ=256, IRQ=20
[    9.501466] scsi 2:0:0:0: Direct-Access     VBOX     HARDDISK         1.0  PQ: 0 ANSI: 5
[    9.506890] scsi target2:0:0: Beginning Domain Validation
[    9.513257] scsi target2:0:0: Domain Validation skipping write tests
[    9.516820] scsi target2:0:0: Ending Domain Validation
[    9.535844] scsi target2:0:0: asynchronous
[    9.540185] scsi 2:0:1:0: Direct-Access     VBOX     HARDDISK         1.0  PQ: 0 ANSI: 5
[    9.545178] scsi target2:0:1: Beginning Domain Validation
[    9.550916] scsi target2:0:1: Domain Validation skipping write tests
[    9.554384] scsi target2:0:1: Ending Domain Validation
[    9.557518] scsi target2:0:1: asynchronous
[    9.572279] sd 2:0:0:0: Attached scsi generic sg0 type 0
[    9.576469] sd 2:0:1:0: Attached scsi generic sg1 type 0
[    9.576919] sd 2:0:0:0: [sda] 20971520 512-byte logical blocks: (10.7 GB/10.0 GiB)
[    9.584650] sd 2:0:1:0: [sdb] 20480 512-byte logical blocks: (10.5 MB/10.0 MiB)
[    9.589680] sd 2:0:0:0: [sda] Write Protect is off
[    9.589979] sd 2:0:1:0: [sdb] Write Protect is off
[    9.590319] sd 2:0:1:0: [sdb] Incomplete mode parameter data
[    9.590322] sd 2:0:1:0: [sdb] Assuming drive cache: write through
[    9.595937] sd 2:0:1:0: [sdb] Attached SCSI disk
[    9.606307] sd 2:0:0:0: [sda] Incomplete mode parameter data
[    9.610646] sd 2:0:0:0: [sda] Assuming drive cache: write through
[    9.627053]  sda: sda1
[    9.631544] sd 2:0:0:0: [sda] Attached SCSI disk
Begin: Loading essential drivers ... [   11.442078] md: linear personality registered for level -1
[   11.451231] md: multipath personality registered for level -4
[   11.466910] md: raid0 personality registered for level 0
[   11.483463] md: raid1 personality registered for level 1
[   11.563358] raid6: sse2x1   gen()  3721 MB/s
[   11.633222] raid6: sse2x1   xor()  3006 MB/s
[   11.703478] raid6: sse2x2   gen()  5882 MB/s
[   11.771699] raid6: sse2x2   xor()  3819 MB/s
[   11.843700] raid6: sse2x4   gen()  3965 MB/s
[   11.919189] raid6: sse2x4   xor()  2667 MB/s
[   11.936140] raid6: using algorithm sse2x2 gen() 5882 MB/s
[   11.951651] raid6: .... xor() 3819 MB/s, rmw enabled
[   11.965187] raid6: using ssse3x2 recovery algorithm
[   11.972306] xor: automatically using best checksumming function:
[   12.015311]    avx       : 11810.000 MB/sec
[   12.022257] async_tx: api initialized (async)
[   12.080469] md: raid6 personality registered for level 6
[   12.083591] md: raid5 personality registered for level 5
[   12.086696] md: raid4 personality registered for level 4
[   12.111756] md: raid10 personality registered for level 10
done.
Begin: Running /scripts/init-premount ... done.
Begin: Mounting root file system ... Begin: Running /scripts/local-top ... done.
Begin: Running /scripts/local-premount ... [   12.220767] Btrfs loaded
Scanning for Btrfs filesystems
done.
Warning: fsck not present, so skipping root file system
[   12.307502] EXT4-fs (sda1): mounted filesystem with ordered data mode. Opts: (null)
done.
Begin: Running /scripts/local-bottom ... done.
Begin: Running /scripts/init-bottom ... done.
[   12.545121] systemd[1]: systemd 229 running in system mode. (+PAM +AUDIT +SELINUX +IMA +APPARMOR +SMACK +SYSVINIT +UTMP +LIBCRYPTSETUP +GCRYPT +GNUTLS +ACL +XZ -LZ4 +SECCOMP +BLKID +ELFUTILS +KMOD -IDN)
[   12.558091] systemd[1]: Detected virtualization oracle.
[   12.561479] systemd[1]: Detected architecture x86-64.

Welcome to [1mUbuntu 16.04.6 LTS[0m!

[   12.573720] systemd[1]: Set hostname to <ubuntu>.
[   12.891031] systemd[1]: Set up automount Arbitrary Executable File Formats File System Automount Point.
[[0;32m  OK  [0m] Set up automount Arbitrary Executab...ats File System Automount Point.
[   12.902334] systemd[1]: Listening on Journal Socket.
[[0;32m  OK  [0m] Listening on Journal Socket.
[   12.909578] systemd[1]: Listening on Journal Audit Socket.
[[0;32m  OK  [0m] Listening on Journal Audit Socket.
[   12.916816] systemd[1]: Reached target Swap.
[[0;32m  OK  [0m] Reached target Swap.
[   12.923096] systemd[1]: Listening on Journal Socket (/dev/log).
[[0;32m  OK  [0m] Listening on Journal Socket (/dev/log).
[   12.931290] systemd[1]: Created slice System Slice.
[[0;32m  OK  [0m] Created slice System Slice.
[   12.955622] systemd[1]: Mounting Debug File System...
         Mounting Debug File System...
[   12.973215] systemd[1]: Starting Set console keymap...
         Starting Set console keymap...
[   12.986526] systemd[1]: Starting Create list of required static device nodes for the current kernel...
         Starting Create list of required st... nodes for the current kernel...
[   13.012175] systemd[1]: Starting Nameserver information manager...
         Starting Nameserver information manager...
[   13.041895] systemd[1]: Reached target User and Group Name Lookups.
[[0;32m  OK  [0m] Reached target User and Group Name Lookups.
[   13.064583] systemd[1]: Listening on Device-mapper event daemon FIFOs.
[[0;32m  OK  [0m] Listening on Device-mapper event daemon FIFOs.
[   13.073652] systemd[1]: Created slice User and Session Slice.
[[0;32m  OK  [0m] Created slice User and Session Slice.
[   13.088251] systemd[1]: Listening on /dev/initctl Compatibility Named Pipe.
[[0;32m  OK  [0m] Listening on /dev/initctl Compatibility Named Pipe.
[   13.096889] systemd[1]: Listening on udev Control Socket.
[[0;32m  OK  [0m] Listening on udev Control Socket.
[   13.112034] systemd[1]: Reached target System Time Synchronized.
[[0;32m  OK  [0m] Reached target System Time Synchronized.
[   13.118885] systemd[1]: Started Forward Password Requests to Wall Directory Watch.
[[0;32m  OK  [0m] Started Forward Password Requests to Wall Directory Watch.
[   13.159681] systemd[1]: Starting Uncomplicated firewall...
         Starting Uncomplicated firewall...
[   13.174797] systemd[1]: Starting Remount Root and Kernel File Systems...
[   13.182473] EXT4-fs (sda1): re-mounted. Opts: (null)
         Starting Remount Root and Kernel File Systems...
[   13.204057] systemd[1]: Starting Load Kernel Modules...
         Starting Load Kernel Modules...
[   13.236906] systemd[1]: Reached target Slices.
[   13.264698] Loading iSCSI transport class v2.0-870.
[[0;32m  OK  [0m] Reached target Slices.
[   13.277029] systemd[1]: Created slice system-serial\x2dgetty.slice.
[[0;32m  OK  [0m] Created slice system-serial\x2dgetty.slice.
[   13.316977] iscsi: registered transport (tcp)
[   13.322290] systemd[1]: Listening on udev Kernel Socket.
[[0;32m  OK  [0m] Listening on udev Kernel Socket.
[   13.336098] systemd[1]: Started Trigger resolvconf update for networkd DNS.
[[0;32m  OK  [0m] Started Trigger resolvconf update for networkd DNS.
[   13.367379] systemd[1]: Listening on LVM2 metadata daemon socket.
[[0;32m  OK  [0m] Listening on LVM2 metadata daemon socket.
[   13.412918] systemd[1]: Starting Monitoring of LVM2 mirrors, snapshots etc. using dmeventd or progress polling...
         Starting Monitoring of LVM2 mirrors... dmeventd or progress polling...
[   13.486797] systemd[1]: Mounting POSIX Message Queue File System...
[   13.495375] iscsi: registered transport (iser)
         Mounting POSIX Message Queue File System...
[   13.518259] systemd[1]: Listening on Syslog Socket.
[[0;32m  OK  [0m] Listening on Syslog Socket.
[   13.538174] systemd[1]: Starting Journal Service...
         Starting Journal Service...
[   13.551539] systemd[1]: Listening on LVM2 poll daemon socket.
[   13.566912] random: nonblocking pool is initialized
[[0;32m  OK  [0m] Listening on LVM2 poll daemon socket.
[   13.619248] systemd[1]: Mounting Huge Pages File System...
         Mounting Huge Pages File System...
[   13.653961] systemd[1]: Reached target Encrypted Volumes.
[[0;32m  OK  [0m] Reached target Encrypted Volumes.
[   13.693497] systemd[1]: Mounted Huge Pages File System.
[[0;32m  OK  [0m] Mounted Huge Pages File System.
[   13.702702] systemd[1]: Mounted POSIX Message Queue File System.
[[0;32m  OK  [0m] Mounted POSIX Message Queue File System.
[   13.716190] systemd[1]: Mounted Debug File System.
[[0;32m  OK  [0m] Mounted Debug File System.
[   13.732497] systemd[1]: Started Journal Service.
[[0;32m  OK  [0m] Started Journal Service.
[[0;32m  OK  [0m] Started Set console keymap.
[[0;32m  OK  [0m] Started Create list of required sta...ce nodes for the current kernel.
[[0;32m  OK  [0m] Started Uncomplicated firewall.
[[0;32m  OK  [0m] Started Remount Root and Kernel File Systems.
[[0;32m  OK  [0m] Started Load Kernel Modules.
[[0;32m  OK  [0m] Started Nameserver information manager.
[[0;32m  OK  [0m] Started LVM2 metadata daemon.
         Mounting FUSE Control File System...
         Starting Apply Kernel Variables...
         Starting Load/Save Random Seed...
         Starting udev Coldplug all Devices...
         Starting Create Static Device Nodes in /dev...
         Starting Flush Journal to Persistent Storage...
[[0;32m  OK  [0m] Mounted FUSE Control File System.
[[0;32m  OK  [0m] Started Load/Save Random Seed.
[[0;32m  OK  [0m] Started Apply Kernel Variables.
[[0;32m  OK  [0m] Started Flush Journal to Persistent Storage.
[[0;32m  OK  [0m] Started Create Static Device Nodes in /dev.
         Starting udev Kernel Device Manager...
[[0;32m  OK  [0m] Started Monitoring of LVM2 mirrors,...ng dmeventd or progress polling.
[[0;32m  OK  [0m] Reached target Local File Systems (Pre).
[[0;32m  OK  [0m] Reached target Local File Systems.
         Starting Set console font and keymap...
         Starting LSB: AppArmor initialization...
         Starting Initial cloud-init job (pre-networking)...
         Starting Create Volatile Files and Directories...
         Starting Tell Plymouth To Write Out Runtime Data...
[[0;32m  OK  [0m] Started udev Kernel Device Manager.
[[0;32m  OK  [0m] Started Tell Plymouth To Write Out Runtime Data.
[[0;32m  OK  [0m] Started Create Volatile Files and Directories.
         Starting Update UTMP about System Boot/Shutdown...
[[0;32m  OK  [0m] Started Update UTMP about System Boot/Shutdown.
[[0;32m  OK  [0m] Started udev Coldplug all Devices.
[[0;32m  OK  [0m] Started Dispatch Password Requests to Console Directory Watch.
[[0;32m  OK  [0m] Started LSB: AppArmor initialization.
[[0;32m  OK  [0m] Found device /dev/ttyS0.
[[0;32m  OK  [0m] Listening on Load/Save RF Kill Switch Status /dev/rfkill Watch.
[[0;32m  OK  [0m] Found device 82540EM Gigabit Ethern...r (PRO/1000 MT Desktop Adapter).
[[0;32m  OK  [0m] Found device 82540EM Gigabit Ethern...r (PRO/1000 MT Desktop Adapter).
[[0;32m  OK  [0m] Started Set console font and keymap.
[[0;32m  OK  [0m] Created slice system-getty.slice.
[   15.387615] cloud-init[497]: Cloud-init v. 19.3-41-gc4735dd3-0ubuntu1~16.04.1 running 'init-local' at Thu, 02 Jan 2020 15:06:15 +0000. Up 14.55 seconds.
[[0;32m  OK  [0m] Started Initial cloud-init job (pre-networking).
[[0;32m  OK  [0m] Reached target Network (Pre).
         Starting Raise network interfaces...
[[0;32m  OK  [0m] Started ifup for enp0s8.
[[0;32m  OK  [0m] Started ifup for enp0s3.
[[0;32m  OK  [0m] Started Raise network interfaces.
[[0;32m  OK  [0m] Reached target Network.
         Starting Initial cloud-init job (metadata service crawler)...
[   17.542543] cloud-init[1089]: Cloud-init v. 19.3-41-gc4735dd3-0ubuntu1~16.04.1 running 'init' at Thu, 02 Jan 2020 15:06:17 +0000. Up 16.73 seconds.
[   17.556059] cloud-init[1089]: ci-info: ++++++++++++++++++++++++++++++++++++++Net device info+++++++++++++++++++++++++++++++++++++++
[   17.561582] cloud-init[1089]: ci-info: +--------+------+-----------------------------+---------------+--------+-------------------+
[   17.580483] cloud-init[1089]: ci-info: | Device |  Up  |           Address           |      Mask     | Scope  |     Hw-Address    |
[   17.596817] cloud-init[1089]: ci-info: +--------+------+-----------------------------+---------------+--------+-------------------+
[   17.605851] cloud-init[1089]: ci-info: | enp0s3 | True |          10.0.2.15          | 255.255.255.0 | global | 02:bf:1c:77:ff:98 |
[   17.621834] cloud-init[1089]: ci-info: | enp0s3 | True |  fe80::bf:1cff:fe77:ff98/64 |       .       |  link  | 02:bf:1c:77:ff:98 |
[   17.630066] cloud-init[1089]: ci-info: | enp0s8 | True |        192.168.33.11        | 255.255.255.0 | global | 08:00:27:99:b3:23 |
[   17.641804] cloud-init[1089]: ci-info: | enp0s8 | True | fe80::a00:27ff:fe99:b323/64 |       .       |  link  | 08:00:27:99:b3:23 |
[   17.651786] cloud-init[1089]: ci-info: |   lo   | True |          127.0.0.1          |   255.0.0.0   |  host  |         .         |
[   17.665903] cloud-init[1089]: ci-info: |   lo   | True |           ::1/128           |       .       |  host  |         .         |
[   17.673185] cloud-init[1089]: ci-info: +--------+------+-----------------------------+---------------+--------+-------------------+
[   17.684046] cloud-init[1089]: ci-info: ++++++++++++++++++++++++++++Route IPv4 info++++++++++++++++++++++++++++
[   17.691737] cloud-init[1089]: ci-info: +-------+--------------+----------+---------------+-----------+-------+
[   17.702941] cloud-init[1089]: ci-info: | Route | Destination  | Gateway  |    Genmask    | Interface | Flags |
[   17.710976] cloud-init[1089]: ci-info: +-------+--------------+----------+---------------+-----------+-------+
[   17.715994] cloud-init[1089]: ci-info: |   0   |   0.0.0.0    | 10.0.2.2 |    0.0.0.0    |   enp0s3  |   UG  |
[   17.719617] cloud-init[1089]: ci-info: |   1   |   10.0.2.0   | 0.0.0.0  | 255.255.255.0 |   enp0s3  |   U   |
[   17.733665] cloud-init[1089]: ci-info: |   2   | 192.168.33.0 | 0.0.0.0  | 255.255.255.0 |   enp0s8  |   U   |
[   17.762471] cloud-init[1089]: ci-info: +-------+--------------+----------+---------------+-----------+-------+
[   17.773225] cloud-init[1089]: ci-info: +++++++++++++++++++Route IPv6 info+++++++++++++++++++
[   17.785113] cloud-init[1089]: ci-info: +-------+-------------+---------+-----------+-------+
[   17.791372] cloud-init[1089]: ci-info: | Route | Destination | Gateway | Interface | Flags |
[   17.801034] cloud-init[1089]: ci-info: +-------+-------------+---------+-----------+-------+
[   17.807624] cloud-init[1089]: ci-info: |   0   |  fe80::/64  |    ::   |   enp0s8  |   U   |
[   17.816100] cloud-init[1089]: ci-info: |   1   |  fe80::/64  |    ::   |   enp0s3  |   U   |
[   17.822845] cloud-init[1089]: ci-info: |   4   |   ff00::/8  |    ::   |   enp0s8  |   U   |
[   17.830840] cloud-init[1089]: ci-info: |   5   |   ff00::/8  |    ::   |   enp0s3  |   U   |
[   17.843393] cloud-init[1089]: ci-info: +-------+-------------+---------+-----------+-------+
[[0;32m  OK  [0m] Started Initial cloud-init job (metadata service crawler).
[[0;32m  OK  [0m] Reached target Network is Online.
         Starting iSCSI initiator daemon (iscsid)...
[[0;32m  OK  [0m] Reached target Cloud-config availability.
[[0;32m  OK  [0m] Reached target System Initialization.
         Starting Socket activation for snappy daemon.
[[0;32m  OK  [0m] Started ACPI Events Check.
[[0;32m  OK  [0m] Reached target Paths.
[[0;32m  OK  [0m] Started Daily apt download activities.
         Starting LXD - unix socket.
[[0;32m  OK  [0m] Started Message of the Day.
[[0;32m  OK  [0m] Listening on UUID daemon activation socket.
[[0;32m  OK  [0m] Started Daily apt upgrade and clean activities.
[[0;32m  OK  [0m] Listening on D-Bus System Message Bus Socket.
[[0;32m  OK  [0m] Listening on ACPID Listen Socket.
[[0;32m  OK  [0m] Started Daily Cleanup of Temporary Directories.
[[0;32m  OK  [0m] Reached target Timers.
[[0;32m  OK  [0m] Listening on Socket activation for snappy daemon.
[[0;32m  OK  [0m] Listening on LXD - unix socket.
[[0;32m  OK  [0m] Reached target Sockets.
[[0;32m  OK  [0m] Reached target Basic System.
         Starting LSB: Record successful boot for GRUB...
[[0;32m  OK  [0m] Started Deferred execution scheduler.
         Starting LXD - container startup/shutdown...
[[0;32m  OK  [0m] Started D-Bus System Message Bus.
         Starting LSB: MD monitoring daemon...
[[0;32m  OK  [0m] Started ACPI event daemon.
         Starting Login Service...
[[0;32m  OK  [0m] Started Regular background program processing daemon.
         Starting System Logging Service...
         Starting Virtualbox guest utils...
         Starting OpenBSD Secure Shell server...
[[0;32m  OK  [0m] Started FUSE filesystem for LXC.
         Starting /etc/rc.local Compatibility...
         Starting Accounts Service...
         Starting Message of the Day...
         Starting Snappy daemon...
[[0;32m  OK  [0m] Started System Logging Service.
[[0;32m  OK  [0m] Started iSCSI initiator daemon (iscsid).
[[0;32m  OK  [0m] Started /etc/rc.local Compatibility.
         Starting Login to default iSCSI targets...
[[0;32m  OK  [0m] Started Login Service.
[[0;32m  OK  [0m] Started Unattended Upgrades Shutdown.
[[0;32m  OK  [0m] Started LXD - container startup/shutdown.
[[0;32m  OK  [0m] Started LSB: Record successful boot for GRUB.
[[0;32m  OK  [0m] Started Login to default iSCSI targets.
[[0;32m  OK  [0m] Reached target Remote File Systems (Pre).
[[0;32m  OK  [0m] Reached target Remote File Systems.
         Starting Permit User Sessions...
         Starting LSB: daemon to balance interrupts for SMP systems...
         Starting LSB: Set the CPU Frequency Scaling governor to "ondemand"...
         Starting LSB: automatic crash report generation...
         Starting Authenticate and Authorize Users to Run Privileged Tasks...
[[0;32m  OK  [0m] Started LSB: MD monitoring daemon.
[[0;32m  OK  [0m] Started Permit User Sessions.
[[0;32m  OK  [0m] Started OpenBSD Secure Shell server.
         Starting Hold until boot process finishes up...
         Starting Terminate Plymouth Boot Screen...
[[0;32m  OK  [0m] Started Hold until boot process finishes up.
[[0;32m  OK  [0m] Started Terminate Plymouth Boot Screen.
[[0;32m  OK  [0m] Started Getty on tty1.
[[0;32m  OK  [0m] Started Serial Getty on ttyS0.
[[0;32m  OK  [0m] Reached target Login Prompts.
         Starting Set console scheme...
[[0;32m  OK  [0m] Started Set console scheme.
[[0;32m  OK  [0m] Started LSB: Set the CPU Frequency Scaling governor to "ondemand".
[[0;32m  OK  [0m] Started Authenticate and Authorize Users to Run Privileged Tasks.
[[0;32m  OK  [0m] Started Accounts Service.
[[0;32m  OK  [0m] Started LSB: daemon to balance interrupts for SMP systems.
[[0;32m  OK  [0m] Started LSB: automatic crash report generation.
[[0;32m  OK  [0m] Started Virtualbox guest utils.
[[0;32m  OK  [0m] Started Snappy daemon.
         Starting Wait until snapd is fully seeded...
[[0;32m  OK  [0m] Started Wait until snapd is fully seeded.
         Starting Apply the settings specified in cloud-config...
[[0;32m  OK  [0m] Reached target Multi-User System.
[[0;32m  OK  [0m] Reached target Graphical Interface.
         Starting Update UTMP about System Runlevel Changes...
[[0;32m  OK  [0m] Started Update UTMP about System Runlevel Changes.
[   20.510652] cloud-init[1375]: Cloud-init v. 19.3-41-gc4735dd3-0ubuntu1~16.04.1 running 'modules:config' at Thu, 02 Jan 2020 15:06:21 +0000. Up 20.23 seconds.
[[0;32m  OK  [0m] Started Apply the settings specified in cloud-config.
         Starting Execute cloud user/final scripts...
[[0;32m  OK  [0m] Started Message of the Day.
[   21.581963] cloud-init[1397]: Cloud-init v. 19.3-41-gc4735dd3-0ubuntu1~16.04.1 running 'modules:final' at Thu, 02 Jan 2020 15:06:22 +0000. Up 21.38 seconds.
[   21.593201] cloud-init[1397]: Cloud-init v. 19.3-41-gc4735dd3-0ubuntu1~16.04.1 finished at Thu, 02 Jan 2020 15:06:22 +0000. Datasource DataSourceNoCloud [seed=/dev/sdb][dsmode=net].  Up 21.56 seconds
[[0;32m  OK  [0m] Started Execute cloud user/final scripts.
         Starting Daily apt download activities...
[[0;32m  OK  [0m] Reached target Cloud-init target.

Ubuntu 16.04.6 LTS ubuntu ttyS0

ubuntu login: 